[04:59:41.724] Running build in Washington, D.C., USA (East) â€“ iad1
[04:59:41.724] Build machine configuration: 2 cores, 8 GB
[04:59:41.763] Cloning github.com/wilmermendezcodes/CozyRecommender (Branch: develop, Commit: ee5b44b)
[04:59:41.896] Previous build caches not available
[04:59:42.579] Cloning completed: 816.000ms
[04:59:42.617] Found .vercelignore
[04:59:42.625] Removed 19 ignored files defined in .vercelignore
[04:59:42.626]   /.replit
[04:59:42.626]   /attached_assets/generated_images/Big_Fish_movie_poster_51f81617.png
[04:59:42.626]   /attached_assets/generated_images/Coco_movie_poster_85856d88.png
[04:59:42.626]   /attached_assets/generated_images/Forrest_Gump_movie_poster_4e9913fe.png
[04:59:42.627]   /attached_assets/generated_images/Greatest_Showman_movie_poster_9294b49e.png
[04:59:42.627]   /attached_assets/generated_images/Julie_Julia_movie_poster_f41d64ac.png
[04:59:42.627]   /attached_assets/generated_images/Secret_Garden_movie_poster_f7124554.png
[04:59:42.627]   /attached_assets/generated_images/Wonder_Woman_movie_poster_85d7241e.png
[04:59:42.627]   /attached_assets/Pasted--04-28-16-925-Running-build-in-Washington-D-C-USA-East-iad1-04-28-16-926-Build-machine-co-1754684975407_1754684975407.txt
[04:59:42.627]   /attached_assets/Pasted--04-31-13-652-Running-build-in-Washington-D-C-USA-East-iad1-04-31-13-653-Build-machine-co-1754685111915_1754685111916.txt
[04:59:45.150] Running "vercel build"
[04:59:45.603] Vercel CLI 44.7.3
[04:59:46.361] Installing dependencies...
[04:59:51.552] npm warn deprecated @esbuild-kit/esm-loader@2.6.5: Merged into tsx: https://tsx.is
[04:59:51.670] npm warn deprecated @esbuild-kit/core-utils@3.3.2: Merged into tsx: https://tsx.is
[04:59:58.567] 
[04:59:58.568] added 603 packages in 12s
[04:59:58.568] 
[04:59:58.568] 73 packages are looking for funding
[04:59:58.569]   run `npm fund` for details
[04:59:58.689] ğŸš€ Starting custom build for Vercel...
[04:59:58.690] ğŸ” Debugging build environment...
[04:59:58.690] ğŸ“ Working directory: /vercel/path0
[04:59:58.690] ğŸ“‚ Root directory:
[04:59:58.690]   ğŸ“„ .env.example
[04:59:58.691]   ğŸ“ .git
[04:59:58.691]   ğŸ“„ .gitignore
[04:59:58.691]   ğŸ“ .vercel
[04:59:58.692]   ğŸ“„ .vercelignore
[04:59:58.692]   ğŸ“„ DEPLOYMENT.md
[04:59:58.692]   ğŸ“„ IMMEDIATE-FIX.md
[04:59:58.692]   ğŸ“„ LOCAL-SETUP.md
[04:59:58.693]   ğŸ“„ LOCALHOST-FIX.md
[04:59:58.693]   ğŸ“„ QUICK-FIX.md
[04:59:58.693]   ... and 31 more items
[04:59:58.693] ğŸ“‚ Client directory:
[04:59:58.693]   ğŸ“„ index.html
[04:59:58.694]   ğŸ“ public
[04:59:58.694]   ğŸ“ src
[04:59:58.694] ğŸ“‚ Client/src directory:
[04:59:58.694]   ğŸ“„ App.tsx
[04:59:58.694]   ğŸ“ components
[04:59:58.695]   ğŸ“ hooks
[04:59:58.695]   ğŸ“„ index.css
[04:59:58.695]   ğŸ“ lib
[04:59:58.695]   ğŸ“„ main.tsx
[04:59:58.695]   ğŸ“ pages
[04:59:58.695]   ğŸ“ store
[04:59:58.696] ğŸ“‚ All files in client/src:
[04:59:58.696]   ğŸ“„ App.tsx
[04:59:58.696]   ğŸ“ components
[04:59:58.696]   ğŸ“ hooks
[04:59:58.696]   ğŸ“„ index.css
[04:59:58.697]   ğŸ“ lib
[04:59:58.697]   ğŸ“„ main.tsx
[04:59:58.697]   ğŸ“ pages
[04:59:58.697]   ğŸ“ store
[04:59:58.697] ğŸ“¦ Installing dependencies...
[05:00:00.608] 
[05:00:00.608] up to date, audited 507 packages in 2s
[05:00:00.609] 
[05:00:00.609] 65 packages are looking for funding
[05:00:00.609]   run `npm fund` for details
[05:00:00.630] 
[05:00:00.630] 8 vulnerabilities (3 low, 3 moderate, 2 high)
[05:00:00.630] 
[05:00:00.631] To address issues that do not require attention, run:
[05:00:00.631]   npm audit fix
[05:00:00.631] 
[05:00:00.632] To address all issues (including breaking changes), run:
[05:00:00.632]   npm audit fix --force
[05:00:00.632] 
[05:00:00.632] Run `npm audit` for details.
[05:00:00.640] ğŸ”¨ Building React application...
[05:00:00.641] ğŸ“ Main file path: /vercel/path0/client/src/main.tsx
[05:00:00.641] ğŸ“ Main file exists: true
[05:00:00.643] ğŸ” Checking esbuild availability...
[05:00:00.650] âš ï¸ npx esbuild not available
[05:00:00.651] âŒ esbuild not found, falling back to simple build
[05:00:00.651] ğŸ”„ Switching to simple build...
[05:00:00.693] ğŸš€ Simple Vercel build starting...
[05:00:00.695] âœ… Simple build completed successfully!
[05:00:00.696] ğŸ“Š Build outputs:
[05:00:00.696]    - HTML: dist/public/index.html
[05:00:00.696]    - API: api/index.js
[05:00:00.696] ğŸ‰ Ready for Vercel deployment!
[05:00:00.699] âœ… Fallback build completed successfully!
[05:00:00.929] Using TypeScript 5.6.3 (local user-provided)
[05:00:05.510] api/index.ts(3,21): error TS7016: Could not find a declaration file for module 'express'. '/vercel/path0/node_modules/express/index.js' implicitly has an 'any' type.
[05:00:05.511]   Try `npm i --save-dev @types/express` if it exists or add a new declaration (.d.ts) file containing `declare module 'express';`
[05:00:05.512] api/index.ts(24,10): error TS7006: Parameter 'req' implicitly has an 'any' type.
[05:00:05.512] api/index.ts(24,15): error TS7006: Parameter 'res' implicitly has an 'any' type.
[05:00:05.512] api/index.ts(24,20): error TS7006: Parameter 'next' implicitly has an 'any' type.
[05:00:05.512] 
[05:00:06.454] server/vercel-routes.ts(2,30): error TS7016: Could not find a declaration file for module 'express'. '/vercel/path0/node_modules/express/index.js' implicitly has an 'any' type.
[05:00:06.454]   Try `npm i --save-dev @types/express` if it exists or add a new declaration (.d.ts) file containing `declare module 'express';`
[05:00:06.455] server/vercel-routes.ts(18,12): error TS7006: Parameter 'req' implicitly has an 'any' type.
[05:00:06.455] server/vercel-routes.ts(18,17): error TS7006: Parameter 'res' implicitly has an 'any' type.
[05:00:06.455] server/vercel-routes.ts(46,50): error TS7006: Parameter 'req' implicitly has an 'any' type.
[05:00:06.455] server/vercel-routes.ts(46,55): error TS7006: Parameter 'res' implicitly has an 'any' type.
[05:00:06.456] server/vercel-routes.ts(53,72): error TS2345: Argument of type '{ mood: string; type: string; }' is not assignable to parameter of type 'string'.
[05:00:06.456] server/vercel-routes.ts(110,44): error TS7006: Parameter 'req' implicitly has an 'any' type.
[05:00:06.456] server/vercel-routes.ts(110,49): error TS7006: Parameter 'res' implicitly has an 'any' type.
[05:00:06.457] server/vercel-routes.ts(119,37): error TS7006: Parameter 'req' implicitly has an 'any' type.
[05:00:06.457] server/vercel-routes.ts(119,42): error TS7006: Parameter 'res' implicitly has an 'any' type.
[05:00:06.457] server/vercel-routes.ts(137,45): error TS7006: Parameter 'req' implicitly has an 'any' type.
[05:00:06.461] server/vercel-routes.ts(137,50): error TS7006: Parameter 'res' implicitly has an 'any' type.
[05:00:06.461] server/vercel-routes.ts(148,27): error TS7006: Parameter 'req' implicitly has an 'any' type.
[05:00:06.461] server/vercel-routes.ts(148,32): error TS7006: Parameter 'res' implicitly has an 'any' type.
[05:00:06.461] 
[05:00:06.712] server/middleware/security.ts(1,49): error TS7016: Could not find a declaration file for module 'express'. '/vercel/path0/node_modules/express/index.js' implicitly has an 'any' type.
[05:00:06.712]   Try `npm i --save-dev @types/express` if it exists or add a new declaration (.d.ts) file containing `declare module 'express';`
[05:00:06.712] 
[05:00:09.324] Build Completed in /vercel/output [23s]
[05:00:09.534] Deploying outputs...
[05:00:16.043] Deployment completed
[05:00:16.883] Creating build cache...
[05:00:38.275] Created build cache: 21.382s
[05:00:38.276] Uploading build cache [96.50 MB]
[05:00:39.598] Build cache uploaded: 1.331s